This is pdfTeX, Version 3.141592653-2.6-1.40.28 (TeX Live 2025) (preloaded format=pdflatex 2025.6.1)  3 JUN 2025 10:54
entering extended mode
 \write18 enabled.
 file:line:error style messages enabled.
 %&-line parsing enabled.
**compass2025.tex
(./compass2025.tex
LaTeX2e <2024-11-01> patch level 2
L3 programming layer <2025-04-29>
(./acmart.cls
Document Class: acmart 2024/12/28 v2.12 Typesetting articles for the Associatio
n for Computing Machinery
(/opt/texlive/texdir/texmf-dist/tex/latex/xkeyval/xkeyval.sty
Package: xkeyval 2022/06/16 v2.9 package option processing (HA)

(/opt/texlive/texdir/texmf-dist/tex/generic/xkeyval/xkeyval.tex
(/opt/texlive/texdir/texmf-dist/tex/generic/xkeyval/xkvutils.tex
\XKV@toks=\toks17
\XKV@tempa@toks=\toks18

(/opt/texlive/texdir/texmf-dist/tex/generic/xkeyval/keyval.tex))
\XKV@depth=\count272
File: xkeyval.tex 2014/12/03 v2.7a key=value parser (HA)
))
(/opt/texlive/texdir/texmf-dist/tex/generic/xstring/xstring.sty
(/opt/texlive/texdir/texmf-dist/tex/generic/xstring/xstring.tex
\xs_counta=\count273
\xs_countb=\count274
)
Package: xstring 2023/08/22 v1.86 String manipulations (CT)
)
(/opt/texlive/texdir/texmf-dist/tex/generic/iftex/iftex.sty
Package: iftex 2024/12/12 v1.0g TeX engine tests
)
Package acmart Info: Not using screen mode on input line 76.
Package acmart Info: Using breaking urls on hyphens on input line 84.
Package acmart Info: Requiring acmthm on input line 92.
Package acmart Info: Not using review mode on input line 101.
Package acmart Info: Not using authorversion mode on input line 109.
Package acmart Info: Not using nonacm mode on input line 121.
Package acmart Info: Explicitly selecting natbib mode on input line 137.
Package acmart Info: Not using anonymous mode on input line 145.
Package acmart Info: Not using timestamp mode on input line 153.
Package acmart Info: Not using authordraft mode on input line 163.
Package acmart Info: Using screen mode on input line 178.
Package acmart Info: Explicitly selecting natbib mode on input line 178.
Class acmart Info: Using format sigconf, number 4 on input line 178.
Class acmart Info: Using fontsize 9pt on input line 280.

(/opt/texlive/texdir/texmf-dist/tex/latex/amscls/amsart.cls
Document Class: amsart 2020/05/29 v2.20.6
\linespacing=\dimen146
\normalparindent=\dimen147
\normaltopskip=\skip49
(/opt/texlive/texdir/texmf-dist/tex/latex/amsmath/amsmath.sty
Package: amsmath 2024/11/05 v2.17t AMS math features
\@mathmargin=\skip50

For additional information on amsmath, use the `?' option.
(/opt/texlive/texdir/texmf-dist/tex/latex/amsmath/amstext.sty
Package: amstext 2021/08/26 v2.01 AMS text

(/opt/texlive/texdir/texmf-dist/tex/latex/amsmath/amsgen.sty
File: amsgen.sty 1999/11/30 v2.0 generic functions
\@emptytoks=\toks19
\ex@=\dimen148
))
(/opt/texlive/texdir/texmf-dist/tex/latex/amsmath/amsbsy.sty
Package: amsbsy 1999/11/29 v1.2d Bold Symbols
\pmbraise@=\dimen149
)
(/opt/texlive/texdir/texmf-dist/tex/latex/amsmath/amsopn.sty
Package: amsopn 2022/04/08 v2.04 operator names
)
\inf@bad=\count275
LaTeX Info: Redefining \frac on input line 233.
\uproot@=\count276
\leftroot@=\count277
LaTeX Info: Redefining \overline on input line 398.
LaTeX Info: Redefining \colon on input line 409.
\classnum@=\count278
\DOTSCASE@=\count279
LaTeX Info: Redefining \ldots on input line 495.
LaTeX Info: Redefining \dots on input line 498.
LaTeX Info: Redefining \cdots on input line 619.
\Mathstrutbox@=\box53
\strutbox@=\box54
LaTeX Info: Redefining \big on input line 721.
LaTeX Info: Redefining \Big on input line 722.
LaTeX Info: Redefining \bigg on input line 723.
LaTeX Info: Redefining \Bigg on input line 724.
\big@size=\dimen150
LaTeX Font Info:    Redeclaring font encoding OML on input line 742.
LaTeX Font Info:    Redeclaring font encoding OMS on input line 743.
\macc@depth=\count280
LaTeX Info: Redefining \bmod on input line 904.
LaTeX Info: Redefining \pmod on input line 909.
LaTeX Info: Redefining \smash on input line 939.
LaTeX Info: Redefining \relbar on input line 969.
LaTeX Info: Redefining \Relbar on input line 970.
\c@MaxMatrixCols=\count281
\dotsspace@=\muskip17
\c@parentequation=\count282
\dspbrk@lvl=\count283
\tag@help=\toks20
\row@=\count284
\column@=\count285
\maxfields@=\count286
\andhelp@=\toks21
\eqnshift@=\dimen151
\alignsep@=\dimen152
\tagshift@=\dimen153
\tagwidth@=\dimen154
\totwidth@=\dimen155
\lineht@=\dimen156
\@envbody=\toks22
\multlinegap=\skip51
\multlinetaggap=\skip52
\mathdisplay@stack=\toks23
LaTeX Info: Redefining \[ on input line 2953.
LaTeX Info: Redefining \] on input line 2954.
)
LaTeX Font Info:    Trying to load font information for U+msa on input line 397
.

(/opt/texlive/texdir/texmf-dist/tex/latex/amsfonts/umsa.fd
File: umsa.fd 2013/01/14 v3.01 AMS symbols A
)
(/opt/texlive/texdir/texmf-dist/tex/latex/amsfonts/amsfonts.sty
Package: amsfonts 2013/01/14 v3.01 Basic AMSFonts support
\symAMSa=\mathgroup4
\symAMSb=\mathgroup5
LaTeX Font Info:    Redeclaring math symbol \hbar on input line 98.
LaTeX Font Info:    Overwriting math alphabet `\mathfrak' in version `bold'
(Font)                  U/euf/m/n --> U/euf/b/n on input line 106.
)
\copyins=\insert252
\abstractbox=\box55
\listisep=\skip53
\c@part=\count287
\c@section=\count288
\c@subsection=\count289
\c@subsubsection=\count290
\c@paragraph=\count291
\c@subparagraph=\count292
\c@figure=\count293
\c@table=\count294
\abovecaptionskip=\skip54
\belowcaptionskip=\skip55
\captionindent=\dimen157
\thm@style=\toks24
\thm@bodyfont=\toks25
\thm@headfont=\toks26
\thm@notefont=\toks27
\thm@headpunct=\toks28
\thm@preskip=\skip56
\thm@postskip=\skip57
\thm@headsep=\skip58
\dth@everypar=\toks29
)
(/opt/texlive/texdir/texmf-dist/tex/latex/microtype/microtype.sty
Package: microtype 2025/02/11 v3.2a Micro-typographical refinements (RS)

(/opt/texlive/texdir/texmf-dist/tex/latex/etoolbox/etoolbox.sty
Package: etoolbox 2025/02/11 v2.5l e-TeX tools for LaTeX (JAW)
\etb@tempcnta=\count295
)
\MT@toks=\toks30
\MT@tempbox=\box56
\MT@count=\count296
LaTeX Info: Redefining \noprotrusionifhmode on input line 1087.
LaTeX Info: Redefining \leftprotrusion on input line 1088.
\MT@prot@toks=\toks31
LaTeX Info: Redefining \rightprotrusion on input line 1107.
LaTeX Info: Redefining \textls on input line 1449.
\MT@outer@kern=\dimen158
LaTeX Info: Redefining \microtypecontext on input line 2053.
LaTeX Info: Redefining \textmicrotypecontext on input line 2070.
\MT@listname@count=\count297

(/opt/texlive/texdir/texmf-dist/tex/latex/microtype/microtype-pdftex.def
File: microtype-pdftex.def 2025/02/11 v3.2a Definitions specific to pdftex (RS)

LaTeX Info: Redefining \lsstyle on input line 944.
LaTeX Info: Redefining \lslig on input line 944.
\MT@outer@space=\skip59
)
Package microtype Info: Loading configuration file microtype.cfg.

(/opt/texlive/texdir/texmf-dist/tex/latex/microtype/microtype.cfg
File: microtype.cfg 2025/02/11 v3.2a microtype main configuration file (RS)
)
LaTeX Info: Redefining \microtypesetup on input line 3065.
)
(/opt/texlive/texdir/texmf-dist/tex/latex/booktabs/booktabs.sty
Package: booktabs 2020/01/12 v1.61803398 Publication quality tables
\heavyrulewidth=\dimen159
\lightrulewidth=\dimen160
\cmidrulewidth=\dimen161
\belowrulesep=\dimen162
\belowbottomsep=\dimen163
\aboverulesep=\dimen164
\abovetopsep=\dimen165
\cmidrulesep=\dimen166
\cmidrulekern=\dimen167
\defaultaddspace=\dimen168
\@cmidla=\count298
\@cmidlb=\count299
\@aboverulesep=\dimen169
\@belowrulesep=\dimen170
\@thisruleclass=\count300
\@lastruleclass=\count301
\@thisrulewidth=\dimen171
)
(/opt/texlive/texdir/texmf-dist/tex/latex/refcount/refcount.sty
Package: refcount 2019/12/15 v3.6 Data extraction from label references (HO)

(/opt/texlive/texdir/texmf-dist/tex/generic/ltxcmds/ltxcmds.sty
Package: ltxcmds 2023-12-04 v1.26 LaTeX kernel commands for general use (HO)
)
(/opt/texlive/texdir/texmf-dist/tex/generic/infwarerr/infwarerr.sty
Package: infwarerr 2019/12/03 v1.5 Providing info/warning/error messages (HO)
))
(/opt/texlive/texdir/texmf-dist/tex/latex/totpages/totpages.sty
Package: totpages 2005/09/19 v2.00 Totpages Package (muewi)

(/opt/texlive/texdir/texmf-dist/tex/latex/everyshi/everyshi.sty
Package: everyshi 2020/11/18 v4.00 EveryShipout Package
))
(/opt/texlive/texdir/texmf-dist/tex/latex/environ/environ.sty
Package: environ 2014/05/04 v0.3 A new way to define environments

(/opt/texlive/texdir/texmf-dist/tex/latex/trimspaces/trimspaces.sty
Package: trimspaces 2009/09/17 v1.1 Trim spaces around a token list
))
\@ACM@acmcp@delta=\dimen172

(/opt/texlive/texdir/texmf-dist/tex/latex/natbib/natbib.sty
Package: natbib 2010/09/13 8.31b (PWD, AO)
\bibhang=\skip60
\bibsep=\skip61
LaTeX Info: Redefining \cite on input line 694.
\c@NAT@ctr=\count302
)
(/opt/texlive/texdir/texmf-dist/tex/latex/hyperref/hyperref.sty
Package: hyperref 2025-05-20 v7.01m Hypertext links for LaTeX

(/opt/texlive/texdir/texmf-dist/tex/latex/kvsetkeys/kvsetkeys.sty
Package: kvsetkeys 2022-10-05 v1.19 Key value parser (HO)
)
(/opt/texlive/texdir/texmf-dist/tex/generic/kvdefinekeys/kvdefinekeys.sty
Package: kvdefinekeys 2019-12-19 v1.6 Define keys (HO)
)
(/opt/texlive/texdir/texmf-dist/tex/generic/pdfescape/pdfescape.sty
Package: pdfescape 2019/12/09 v1.15 Implements pdfTeX's escape features (HO)

(/opt/texlive/texdir/texmf-dist/tex/generic/pdftexcmds/pdftexcmds.sty
Package: pdftexcmds 2020-06-27 v0.33 Utility functions of pdfTeX for LuaTeX (HO
)
Package pdftexcmds Info: \pdf@primitive is available.
Package pdftexcmds Info: \pdf@ifprimitive is available.
Package pdftexcmds Info: \pdfdraftmode found.
))
(/opt/texlive/texdir/texmf-dist/tex/latex/hycolor/hycolor.sty
Package: hycolor 2020-01-27 v1.10 Color options for hyperref/bookmark (HO)
)
(/opt/texlive/texdir/texmf-dist/tex/latex/hyperref/nameref.sty
Package: nameref 2023-11-26 v2.56 Cross-referencing by name of section

(/opt/texlive/texdir/texmf-dist/tex/generic/gettitlestring/gettitlestring.sty
Package: gettitlestring 2019/12/15 v1.6 Cleanup title references (HO)

(/opt/texlive/texdir/texmf-dist/tex/latex/kvoptions/kvoptions.sty
Package: kvoptions 2022-06-15 v3.15 Key value format for package options (HO)
))
\c@section@level=\count303
)
(/opt/texlive/texdir/texmf-dist/tex/generic/stringenc/stringenc.sty
Package: stringenc 2019/11/29 v1.12 Convert strings between diff. encodings (HO
)
)
\@linkdim=\dimen173
\Hy@linkcounter=\count304
\Hy@pagecounter=\count305

(/opt/texlive/texdir/texmf-dist/tex/latex/hyperref/pd1enc.def
File: pd1enc.def 2025-05-20 v7.01m Hyperref: PDFDocEncoding definition (HO)
Now handling font encoding PD1 ...
... no UTF-8 mapping file for font encoding PD1
)
(/opt/texlive/texdir/texmf-dist/tex/generic/intcalc/intcalc.sty
Package: intcalc 2019/12/15 v1.3 Expandable calculations with integers (HO)
)
\Hy@SavedSpaceFactor=\count306

(/opt/texlive/texdir/texmf-dist/tex/latex/hyperref/puenc.def
File: puenc.def 2025-05-20 v7.01m Hyperref: PDF Unicode definition (HO)
Now handling font encoding PU ...
... no UTF-8 mapping file for font encoding PU
)
Package hyperref Info: Option `bookmarksnumbered' set `true' on input line 4040
.
Package hyperref Info: Option `unicode' set `true' on input line 4040.
Package hyperref Info: Hyper figures OFF on input line 4157.
Package hyperref Info: Link nesting OFF on input line 4162.
Package hyperref Info: Hyper index ON on input line 4165.
Package hyperref Info: Plain pages OFF on input line 4172.
Package hyperref Info: Backreferencing OFF on input line 4177.
Package hyperref Info: Implicit mode ON; LaTeX internals redefined.
Package hyperref Info: Bookmarks ON on input line 4424.
\c@Hy@tempcnt=\count307

(/opt/texlive/texdir/texmf-dist/tex/latex/url/url.sty
\Urlmuskip=\muskip18
Package: url 2013/09/16  ver 3.4  Verb mode for urls, etc.
)
LaTeX Info: Redefining \url on input line 4763.
\XeTeXLinkMargin=\dimen174

(/opt/texlive/texdir/texmf-dist/tex/generic/bitset/bitset.sty
Package: bitset 2019/12/09 v1.3 Handle bit-vector datatype (HO)

(/opt/texlive/texdir/texmf-dist/tex/generic/bigintcalc/bigintcalc.sty
Package: bigintcalc 2019/12/15 v1.5 Expandable calculations on big integers (HO
)
))
\Fld@menulength=\count308
\Field@Width=\dimen175
\Fld@charsize=\dimen176
Package hyperref Info: Hyper figures OFF on input line 6042.
Package hyperref Info: Link nesting OFF on input line 6047.
Package hyperref Info: Hyper index ON on input line 6050.
Package hyperref Info: backreferencing OFF on input line 6057.
Package hyperref Info: Link coloring OFF on input line 6062.
Package hyperref Info: Link coloring with OCG OFF on input line 6067.
Package hyperref Info: PDF/A mode OFF on input line 6072.

(/opt/texlive/texdir/texmf-dist/tex/latex/base/atbegshi-ltx.sty
Package: atbegshi-ltx 2021/01/10 v1.0c Emulation of the original atbegshi
package with kernel methods
)
\Hy@abspage=\count309
\c@Item=\count310
\c@Hfootnote=\count311
)
Package hyperref Info: Driver (autodetected): hpdftex.

(/opt/texlive/texdir/texmf-dist/tex/latex/hyperref/hpdftex.def
File: hpdftex.def 2025-05-20 v7.01m Hyperref driver for pdfTeX
\Fld@listcount=\count312
\c@bookmark@seq@number=\count313

(/opt/texlive/texdir/texmf-dist/tex/latex/rerunfilecheck/rerunfilecheck.sty
Package: rerunfilecheck 2022-07-10 v1.10 Rerun checks for auxiliary files (HO)

(/opt/texlive/texdir/texmf-dist/tex/latex/base/atveryend-ltx.sty
Package: atveryend-ltx 2020/08/19 v1.0a Emulation of the original atveryend pac
kage
with kernel methods
)
(/opt/texlive/texdir/texmf-dist/tex/generic/uniquecounter/uniquecounter.sty
Package: uniquecounter 2019/12/15 v1.4 Provide unlimited unique counter (HO)
)
Package uniquecounter Info: New unique counter `rerunfilecheck' on input line 2
85.
)
\Hy@SectionHShift=\skip62
)
(/opt/texlive/texdir/texmf-dist/tex/latex/hyperxmp/hyperxmp.sty
Package: hyperxmp 2024/03/17 v5.13 Store hyperref metadata in XMP format
\hyxmp@aep@toks=\toks32

(/opt/texlive/texdir/texmf-dist/tex/latex/ifmtarg/ifmtarg.sty
Package: ifmtarg 2018/04/16 v1.2b check for an empty argument
)
(/opt/texlive/texdir/texmf-dist/tex/latex/base/ifthen.sty
Package: ifthen 2024/03/16 v1.1e Standard LaTeX ifthen package (DPC)
)
\@hyxmp@count=\count314

(/opt/texlive/texdir/texmf-dist/tex/latex/oberdiek/ifdraft.sty
Package: ifdraft 2016/05/16 v1.4 Detect class options draft and final (HO)
)
(/opt/texlive/texdir/texmf-dist/tex/generic/iftex/ifluatex.sty
Package: ifluatex 2019/10/25 v1.5 ifluatex legacy package. Use iftex instead.
))
(/opt/texlive/texdir/texmf-dist/tex/latex/graphics/graphicx.sty
Package: graphicx 2021/09/16 v1.2d Enhanced LaTeX Graphics (DPC,SPQR)

(/opt/texlive/texdir/texmf-dist/tex/latex/graphics/graphics.sty
Package: graphics 2024/08/06 v1.4g Standard LaTeX Graphics (DPC,SPQR)

(/opt/texlive/texdir/texmf-dist/tex/latex/graphics/trig.sty
Package: trig 2023/12/02 v1.11 sin cos tan (DPC)
)
(/opt/texlive/texdir/texmf-dist/tex/latex/graphics-cfg/graphics.cfg
File: graphics.cfg 2016/06/04 v1.11 sample graphics configuration
)
Package graphics Info: Driver file: pdftex.def on input line 106.

(/opt/texlive/texdir/texmf-dist/tex/latex/graphics-def/pdftex.def
File: pdftex.def 2024/04/13 v1.2c Graphics/color driver for pdftex
))
\Gin@req@height=\dimen177
\Gin@req@width=\dimen178
)
(/opt/texlive/texdir/texmf-dist/tex/latex/xcolor/xcolor.sty
Package: xcolor 2024/09/29 v3.02 LaTeX color extensions (UK)

(/opt/texlive/texdir/texmf-dist/tex/latex/graphics-cfg/color.cfg
File: color.cfg 2016/01/02 v1.6 sample color configuration
)
Package xcolor Info: Driver file: pdftex.def on input line 274.

(/opt/texlive/texdir/texmf-dist/tex/latex/graphics/mathcolor.ltx)
Package xcolor Info: Model `cmy' substituted by `cmy0' on input line 1349.
Package xcolor Info: Model `hsb' substituted by `rgb' on input line 1353.
Package xcolor Info: Model `RGB' extended on input line 1365.
Package xcolor Info: Model `HTML' substituted by `rgb' on input line 1367.
Package xcolor Info: Model `Hsb' substituted by `hsb' on input line 1368.
Package xcolor Info: Model `tHsb' substituted by `hsb' on input line 1369.
Package xcolor Info: Model `HSB' substituted by `hsb' on input line 1370.
Package xcolor Info: Model `Gray' substituted by `gray' on input line 1371.
Package xcolor Info: Model `wave' substituted by `hsb' on input line 1372.
)
(/opt/texlive/texdir/texmf-dist/tex/latex/geometry/geometry.sty
Package: geometry 2020/01/02 v5.9 Page Geometry

(/opt/texlive/texdir/texmf-dist/tex/generic/iftex/ifvtex.sty
Package: ifvtex 2019/10/25 v1.7 ifvtex legacy package. Use iftex instead.
)
\Gm@cnth=\count315
\Gm@cntv=\count316
\c@Gm@tempcnt=\count317
\Gm@bindingoffset=\dimen179
\Gm@wd@mp=\dimen180
\Gm@odd@mp=\dimen181
\Gm@even@mp=\dimen182
\Gm@layoutwidth=\dimen183
\Gm@layoutheight=\dimen184
\Gm@layouthoffset=\dimen185
\Gm@layoutvoffset=\dimen186
\Gm@dimlist=\toks33
)
(/opt/texlive/texdir/texmf-dist/tex/latex/ncctools/manyfoot.sty
Package: manyfoot 2019/08/03 v1.11 Many Footnote Levels Package (NCC)

(/opt/texlive/texdir/texmf-dist/tex/latex/ncctools/nccfoots.sty
Package: nccfoots 2005/02/03 v1.2 NCC Footnotes Package (NCC)
)
\MFL@columnwidth=\dimen187
)
\footinsauthorsaddresses=\insert251
\c@footnoteauthorsaddresses=\count318
\footinscopyrightpermission=\insert250
\c@footnotecopyrightpermission=\count319

(/opt/texlive/texdir/texmf-dist/tex/generic/pdftex/glyphtounicode.tex)
(/opt/texlive/texdir/texmf-dist/tex/latex/cmap/cmap.sty
Package: cmap 2021/02/06 v1.0j CMap support: searchable PDF
)
(/opt/texlive/texdir/texmf-dist/tex/latex/base/fontenc.sty
Package: fontenc 2021/04/29 v2.0v Standard LaTeX package
<<t1.cmap>>)
(/opt/texlive/texdir/texmf-dist/tex/latex/libertine/libertine.sty
Package: libertine 2024/04/23 (Bob Tennent) Supports Libertine and Biolinum fon
ts for all LaTeX engines.

(/opt/texlive/texdir/texmf-dist/tex/generic/iftex/ifxetex.sty
Package: ifxetex 2019/10/25 v0.7 ifxetex legacy package. Use iftex instead.
)
(/opt/texlive/texdir/texmf-dist/tex/latex/base/textcomp.sty
Package: textcomp 2024/04/24 v2.1b Standard LaTeX package
)
(/opt/texlive/texdir/texmf-dist/tex/latex/base/fontenc.sty
Package: fontenc 2021/04/29 v2.0v Standard LaTeX package
)
(/opt/texlive/texdir/texmf-dist/tex/latex/fontaxes/fontaxes.sty
Package: fontaxes 2025-05-24 v2.0.1 Font selection axes (deprecated)

(/opt/texlive/texdir/texmf-dist/tex/latex/figureversions/figureversions.sty
Package: figureversions 2025-04-29 v1.0.1 Figure versions
))
LaTeX Info: Redefining \oldstylenums on input line 485.

(/opt/texlive/texdir/texmf-dist/tex/latex/libertine/LinLibertine_I.tex))
(/opt/texlive/texdir/texmf-dist/tex/latex/inconsolata/zi4.sty
Package: zi4 2019/05/17 v1.12

`inconsolata-zi4' v1.12, 2019/05/17 Text macros for Inconsolata (msharpe)
\zifour@ocount=\count320
)
(/opt/texlive/texdir/texmf-dist/tex/latex/newtx/newtxmath.sty
Package: newtxmath 2024/09/22 v1.754

`newtxmath' v1.754, 2024/09/22 Math macros based originally on txfonts (msharpe
) (/opt/texlive/texdir/texmf-dist/tex/latex/oberdiek/centernot.sty
Package: centernot 2016/05/16 v1.4 Centers the not symbol horizontally (HO)
)
\tx@cntz=\count321

(/opt/texlive/texdir/texmf-dist/tex/generic/kastrup/binhex.tex)
\tx@Isdigit=\count322
\tx@IsAlNum=\count323
\tx@tA=\toks34
\tx@tB=\toks35
\tx@su=\read2

amsthm NOT loaded
LaTeX Font Info:    Redeclaring symbol font `operators' on input line 402.
LaTeX Font Info:    Overwriting symbol font `operators' in version `normal'
(Font)                  OT1/cmr/m/n --> OT1/LinuxLibertineT-TLF/m/n on input li
ne 402.
LaTeX Font Info:    Overwriting symbol font `operators' in version `bold'
(Font)                  OT1/cmr/bx/n --> OT1/LinuxLibertineT-TLF/m/n on input l
ine 402.
LaTeX Font Info:    Overwriting symbol font `operators' in version `bold'
(Font)                  OT1/LinuxLibertineT-TLF/m/n --> OT1/LinuxLibertineT-TLF
/sb/n on input line 403.
LaTeX Font Info:    Redeclaring math alphabet \mathsf on input line 410.
LaTeX Font Info:    Overwriting math alphabet `\mathsf' in version `normal'
(Font)                  OT1/cmss/m/n --> OT1/LinuxBiolinumT-TLF/m/n on input li
ne 410.
LaTeX Font Info:    Overwriting math alphabet `\mathsf' in version `bold'
(Font)                  OT1/cmss/bx/n --> OT1/LinuxBiolinumT-TLF/m/n on input l
ine 410.
LaTeX Font Info:    Overwriting math alphabet `\mathsf' in version `bold'
(Font)                  OT1/LinuxBiolinumT-TLF/m/n --> OT1/LinuxBiolinumT-TLF/b
/n on input line 412.
LaTeX Font Info:    Redeclaring math alphabet \mathit on input line 419.
LaTeX Font Info:    Overwriting math alphabet `\mathit' in version `normal'
(Font)                  OT1/cmr/m/it --> OT1/LinuxLibertineT-TLF/m/it on input 
line 419.
LaTeX Font Info:    Overwriting math alphabet `\mathit' in version `bold'
(Font)                  OT1/cmr/bx/it --> OT1/LinuxLibertineT-TLF/m/it on input
 line 419.
LaTeX Font Info:    Redeclaring math alphabet \mathtt on input line 420.
LaTeX Font Info:    Overwriting math alphabet `\mathtt' in version `normal'
(Font)                  OT1/cmtt/m/n --> T1/zi4/m/n on input line 420.
LaTeX Font Info:    Overwriting math alphabet `\mathtt' in version `bold'
(Font)                  OT1/cmtt/m/n --> T1/zi4/m/n on input line 420.
LaTeX Font Info:    Redeclaring math alphabet \mathbf on input line 422.
LaTeX Font Info:    Overwriting math alphabet `\mathbf' in version `normal'
(Font)                  OT1/cmr/bx/n --> OT1/LinuxLibertineT-TLF/sb/n on input 
line 422.
LaTeX Font Info:    Overwriting math alphabet `\mathbf' in version `bold'
(Font)                  OT1/cmr/bx/n --> OT1/LinuxLibertineT-TLF/sb/n on input 
line 422.
LaTeX Font Info:    Overwriting math alphabet `\mathit' in version `bold'
(Font)                  OT1/LinuxLibertineT-TLF/m/it --> OT1/LinuxLibertineT-TL
F/sb/it on input line 423.
LaTeX Font Info:    Overwriting math alphabet `\mathtt' in version `bold'
(Font)                  T1/zi4/m/n --> T1/zi4/b/n on input line 426.
LaTeX Font Info:    Redeclaring symbol font `letters' on input line 444.
LaTeX Font Info:    Overwriting symbol font `letters' in version `normal'
(Font)                  OML/cmm/m/it --> OML/nxlmi/m/it on input line 444.
LaTeX Font Info:    Overwriting symbol font `letters' in version `bold'
(Font)                  OML/cmm/b/it --> OML/nxlmi/m/it on input line 444.
LaTeX Font Info:    Overwriting symbol font `letters' in version `bold'
(Font)                  OML/nxlmi/m/it --> OML/nxlmi/b/it on input line 445.
\symlettersA=\mathgroup6
LaTeX Font Info:    Overwriting symbol font `lettersA' in version `bold'
(Font)                  U/ntxmia/m/it --> U/ntxmia/b/it on input line 582.
LaTeX Font Info:    Redeclaring math alphabet \mathfrak on input line 584.
Now handling font encoding LMS ...
... no UTF-8 mapping file for font encoding LMS
LaTeX Font Info:    Redeclaring symbol font `symbols' on input line 604.
LaTeX Font Info:    Encoding `OMS' has changed to `LMS' for symbol font
(Font)              `symbols' in the math version `normal' on input line 604.
LaTeX Font Info:    Overwriting symbol font `symbols' in version `normal'
(Font)                  OMS/cmsy/m/n --> LMS/ntxsy/m/n on input line 604.
LaTeX Font Info:    Encoding `OMS' has changed to `LMS' for symbol font
(Font)              `symbols' in the math version `bold' on input line 604.
LaTeX Font Info:    Overwriting symbol font `symbols' in version `bold'
(Font)                  OMS/cmsy/b/n --> LMS/ntxsy/m/n on input line 604.
LaTeX Font Info:    Overwriting symbol font `symbols' in version `bold'
(Font)                  LMS/ntxsy/m/n --> LMS/ntxsy/b/n on input line 605.
\symAMSm=\mathgroup7
LaTeX Font Info:    Overwriting symbol font `AMSm' in version `bold'
(Font)                  U/ntxsym/m/n --> U/ntxsym/b/n on input line 630.
\symsymbolsC=\mathgroup8
LaTeX Font Info:    Overwriting symbol font `symbolsC' in version `bold'
(Font)                  U/ntxsyc/m/n --> U/ntxsyc/b/n on input line 651.
Now handling font encoding LMX ...
... no UTF-8 mapping file for font encoding LMX
LaTeX Font Info:    Redeclaring symbol font `largesymbols' on input line 664.
LaTeX Font Info:    Encoding `OMX' has changed to `LMX' for symbol font
(Font)              `largesymbols' in the math version `normal' on input line 6
64.
LaTeX Font Info:    Overwriting symbol font `largesymbols' in version `normal'
(Font)                  OMX/cmex/m/n --> LMX/ntxexx/m/n on input line 664.
LaTeX Font Info:    Encoding `OMX' has changed to `LMX' for symbol font
(Font)              `largesymbols' in the math version `bold' on input line 664
.
LaTeX Font Info:    Overwriting symbol font `largesymbols' in version `bold'
(Font)                  OMX/cmex/m/n --> LMX/ntxexx/m/n on input line 664.
LaTeX Font Info:    Overwriting symbol font `largesymbols' in version `bold'
(Font)                  LMX/ntxexx/m/n --> LMX/ntxexx/b/n on input line 665.
\symlargesymbolsTXA=\mathgroup9
LaTeX Font Info:    Overwriting symbol font `largesymbolsTXA' in version `bold'

(Font)                  U/ntxexa/m/n --> U/ntxexa/b/n on input line 679.
\tx@sbptoks=\toks36
LaTeX Font Info:    Redeclaring math delimiter \lfloor on input line 902.
LaTeX Font Info:    Redeclaring math delimiter \rfloor on input line 903.
LaTeX Font Info:    Redeclaring math delimiter \lceil on input line 904.
LaTeX Font Info:    Redeclaring math delimiter \rceil on input line 905.
LaTeX Font Info:    Redeclaring math delimiter \lbrace on input line 910.
LaTeX Font Info:    Redeclaring math delimiter \rbrace on input line 911.
LaTeX Font Info:    Redeclaring math delimiter \langle on input line 913.
LaTeX Font Info:    Redeclaring math delimiter \rangle on input line 915.
LaTeX Font Info:    Redeclaring math delimiter \arrowvert on input line 919.
LaTeX Font Info:    Redeclaring math delimiter \vert on input line 920.
LaTeX Font Info:    Redeclaring math accent \dot on input line 991.
LaTeX Font Info:    Redeclaring math accent \ddot on input line 992.
LaTeX Font Info:    Redeclaring math accent \vec on input line 2057.
LaTeX Info: Redefining \Bbbk on input line 2847.
LaTeX Info: Redefining \not on input line 2995.
LaTeX Info: Redefining \textsquare on input line 3025.
LaTeX Info: Redefining \openbox on input line 3027.
) (/opt/texlive/texdir/texmf-dist/tex/latex/caption/caption.sty
Package: caption 2023/08/05 v3.6o Customizing captions (AR)

(/opt/texlive/texdir/texmf-dist/tex/latex/caption/caption3.sty
Package: caption3 2023/07/31 v2.4d caption3 kernel (AR)
\caption@tempdima=\dimen188
\captionmargin=\dimen189
\caption@leftmargin=\dimen190
\caption@rightmargin=\dimen191
\caption@width=\dimen192
\caption@indent=\dimen193
\caption@parindent=\dimen194
\caption@hangindent=\dimen195
Package caption Info: AMS or SMF document class detected.

(/opt/texlive/texdir/texmf-dist/tex/latex/caption/caption-ams-smf.sto
File: caption-ams-smf.sto 2020/08/22 v2.0 Adaption of the caption package to th
e AMS and SMF document classes (AR)
))
\c@caption@flags=\count324
\c@continuedfloat=\count325
Package caption Info: hyperref package is loaded.
)
(/opt/texlive/texdir/texmf-dist/tex/latex/float/float.sty
Package: float 2001/11/08 v1.3d Float enhancements (AL)
\c@float@type=\count326
\float@exts=\toks37
\float@box=\box57
\@float@everytoks=\toks38
\@floatcapt=\box58
)
\@float@every@sidebar=\toks39
\c@sidebar=\count327
\fulltextwidth=\dimen196
\@ACM@labelwidth=\dimen197
\listisep=\skip63
\num@authorgroups=\count328
\num@authors=\count329
\@ACM@badge@width=\skip64
\@ACM@title@width=\skip65
\@ACM@badge@skip=\skip66
Class acmart Info: Printing CCS on input line 1806.
Class acmart Info: Printing bibformat on input line 1806.
Class acmart Info: Suppressing folios on input line 1813.
Class acmart Info: Setting authorsperrow to 0 on input line 1816.

(/opt/texlive/texdir/texmf-dist/tex/latex/comment/comment.sty
\CommentStream=\write3

Excluding comment 'comment') Excluding comment 'CCSXML'
\c@@concepts=\count330
\mktitle@bx=\box59
\@ACM@acmcpbox=\box60
\@ACM@commabox=\box61
\author@bx=\box62
\author@bx@wd=\dimen198
\author@bx@sep=\skip67

(/opt/texlive/texdir/texmf-dist/tex/latex/fancyhdr/fancyhdr.sty
Package: fancyhdr 2025/02/07 v5.2 Extensive control of page headers and footers

\f@nch@headwidth=\skip68
\f@nch@offset@elh=\skip69
\f@nch@offset@erh=\skip70
\f@nch@offset@olh=\skip71
\f@nch@offset@orh=\skip72
\f@nch@offset@elf=\skip73
\f@nch@offset@erf=\skip74
\f@nch@offset@olf=\skip75
\f@nch@offset@orf=\skip76
\f@nch@height=\skip77
\f@nch@footalignment=\skip78
\f@nch@widthL=\skip79
\f@nch@widthC=\skip80
\f@nch@widthR=\skip81
\@temptokenb=\toks40
)
Special comment 'acks'
LaTeX Font Info:    Trying to load font information for T1+LinuxLibertineT-TLF 
on input line 3588.

(/opt/texlive/texdir/texmf-dist/tex/latex/libertine/T1LinuxLibertineT-TLF.fd
File: T1LinuxLibertineT-TLF.fd 2017/03/20 (autoinst) Font definitions for T1/Li
nuxLibertineT-TLF.
)
LaTeX Font Info:    Font shape `T1/LinuxLibertineT-TLF/m/n' will be
(Font)              scaled to size 9.0pt on input line 3588.
)
(./metadata/conference-metadata.tex)
(/opt/texlive/texdir/texmf-dist/tex/latex/caption/subcaption.sty
Package: subcaption 2023/07/28 v1.6b Sub-captions (AR)
Package caption Info: New subtype `subfigure' on input line 238.
\c@subfigure=\count331
Package caption Info: New subtype `subtable' on input line 238.
\c@subtable=\count332
)
(/opt/texlive/texdir/texmf-dist/tex/latex/enumitem/enumitem.sty
Package: enumitem 2025/02/06 v3.11 Customized lists
\enitkv@toks@=\toks41
\labelindent=\skip82
\enit@outerparindent=\dimen199
\enit@toks=\toks42
\enit@inbox=\box63
\enit@count@id=\count333
\enitdp@description=\count334
)
(/opt/texlive/texdir/texmf-dist/tex/latex/tcolorbox/tcolorbox.sty
Package: tcolorbox 2025/05/20 version 6.5.0 text color boxes

(/opt/texlive/texdir/texmf-dist/tex/latex/pgf/frontendlayer/tikz.sty
(/opt/texlive/texdir/texmf-dist/tex/latex/pgf/basiclayer/pgf.sty
(/opt/texlive/texdir/texmf-dist/tex/latex/pgf/utilities/pgfrcs.sty
(/opt/texlive/texdir/texmf-dist/tex/generic/pgf/utilities/pgfutil-common.tex
\pgfutil@everybye=\toks43
\pgfutil@tempdima=\dimen256
\pgfutil@tempdimb=\dimen257
)
(/opt/texlive/texdir/texmf-dist/tex/generic/pgf/utilities/pgfutil-latex.def
\pgfutil@abb=\box64
)
(/opt/texlive/texdir/texmf-dist/tex/generic/pgf/utilities/pgfrcs.code.tex
(/opt/texlive/texdir/texmf-dist/tex/generic/pgf/pgf.revision.tex)
Package: pgfrcs 2023-01-15 v3.1.10 (3.1.10)
))
Package: pgf 2023-01-15 v3.1.10 (3.1.10)

(/opt/texlive/texdir/texmf-dist/tex/latex/pgf/basiclayer/pgfcore.sty
(/opt/texlive/texdir/texmf-dist/tex/latex/pgf/systemlayer/pgfsys.sty
(/opt/texlive/texdir/texmf-dist/tex/generic/pgf/systemlayer/pgfsys.code.tex
Package: pgfsys 2023-01-15 v3.1.10 (3.1.10)

(/opt/texlive/texdir/texmf-dist/tex/generic/pgf/utilities/pgfkeys.code.tex
\pgfkeys@pathtoks=\toks44
\pgfkeys@temptoks=\toks45

(/opt/texlive/texdir/texmf-dist/tex/generic/pgf/utilities/pgfkeyslibraryfiltere
d.code.tex
\pgfkeys@tmptoks=\toks46
))
\pgf@x=\dimen258
\pgf@y=\dimen259
\pgf@xa=\dimen260
\pgf@ya=\dimen261
\pgf@xb=\dimen262
\pgf@yb=\dimen263
\pgf@xc=\dimen264
\pgf@yc=\dimen265
\pgf@xd=\dimen266
\pgf@yd=\dimen267
\w@pgf@writea=\write4
\r@pgf@reada=\read3
\c@pgf@counta=\count335
\c@pgf@countb=\count336
\c@pgf@countc=\count337
\c@pgf@countd=\count338
\t@pgf@toka=\toks47
\t@pgf@tokb=\toks48
\t@pgf@tokc=\toks49
\pgf@sys@id@count=\count339

(/opt/texlive/texdir/texmf-dist/tex/generic/pgf/systemlayer/pgf.cfg
File: pgf.cfg 2023-01-15 v3.1.10 (3.1.10)
)
Driver file for pgf: pgfsys-pdftex.def

(/opt/texlive/texdir/texmf-dist/tex/generic/pgf/systemlayer/pgfsys-pdftex.def
File: pgfsys-pdftex.def 2023-01-15 v3.1.10 (3.1.10)

(/opt/texlive/texdir/texmf-dist/tex/generic/pgf/systemlayer/pgfsys-common-pdf.d
ef
File: pgfsys-common-pdf.def 2023-01-15 v3.1.10 (3.1.10)
)))
(/opt/texlive/texdir/texmf-dist/tex/generic/pgf/systemlayer/pgfsyssoftpath.code
.tex
File: pgfsyssoftpath.code.tex 2023-01-15 v3.1.10 (3.1.10)
\pgfsyssoftpath@smallbuffer@items=\count340
\pgfsyssoftpath@bigbuffer@items=\count341
)
(/opt/texlive/texdir/texmf-dist/tex/generic/pgf/systemlayer/pgfsysprotocol.code
.tex
File: pgfsysprotocol.code.tex 2023-01-15 v3.1.10 (3.1.10)
))
(/opt/texlive/texdir/texmf-dist/tex/generic/pgf/basiclayer/pgfcore.code.tex
Package: pgfcore 2023-01-15 v3.1.10 (3.1.10)

(/opt/texlive/texdir/texmf-dist/tex/generic/pgf/math/pgfmath.code.tex
(/opt/texlive/texdir/texmf-dist/tex/generic/pgf/math/pgfmathutil.code.tex)
(/opt/texlive/texdir/texmf-dist/tex/generic/pgf/math/pgfmathparser.code.tex
\pgfmath@dimen=\dimen268
\pgfmath@count=\count342
\pgfmath@box=\box65
\pgfmath@toks=\toks50
\pgfmath@stack@operand=\toks51
\pgfmath@stack@operation=\toks52
)
(/opt/texlive/texdir/texmf-dist/tex/generic/pgf/math/pgfmathfunctions.code.tex)

(/opt/texlive/texdir/texmf-dist/tex/generic/pgf/math/pgfmathfunctions.basic.cod
e.tex)
(/opt/texlive/texdir/texmf-dist/tex/generic/pgf/math/pgfmathfunctions.trigonome
tric.code.tex)
(/opt/texlive/texdir/texmf-dist/tex/generic/pgf/math/pgfmathfunctions.random.co
de.tex)
(/opt/texlive/texdir/texmf-dist/tex/generic/pgf/math/pgfmathfunctions.compariso
n.code.tex)
(/opt/texlive/texdir/texmf-dist/tex/generic/pgf/math/pgfmathfunctions.base.code
.tex)
(/opt/texlive/texdir/texmf-dist/tex/generic/pgf/math/pgfmathfunctions.round.cod
e.tex)
(/opt/texlive/texdir/texmf-dist/tex/generic/pgf/math/pgfmathfunctions.misc.code
.tex)
(/opt/texlive/texdir/texmf-dist/tex/generic/pgf/math/pgfmathfunctions.integerar
ithmetics.code.tex)
(/opt/texlive/texdir/texmf-dist/tex/generic/pgf/math/pgfmathcalc.code.tex)
(/opt/texlive/texdir/texmf-dist/tex/generic/pgf/math/pgfmathfloat.code.tex
\c@pgfmathroundto@lastzeros=\count343
))
(/opt/texlive/texdir/texmf-dist/tex/generic/pgf/math/pgfint.code.tex)
(/opt/texlive/texdir/texmf-dist/tex/generic/pgf/basiclayer/pgfcorepoints.code.t
ex
File: pgfcorepoints.code.tex 2023-01-15 v3.1.10 (3.1.10)
\pgf@picminx=\dimen269
\pgf@picmaxx=\dimen270
\pgf@picminy=\dimen271
\pgf@picmaxy=\dimen272
\pgf@pathminx=\dimen273
\pgf@pathmaxx=\dimen274
\pgf@pathminy=\dimen275
\pgf@pathmaxy=\dimen276
\pgf@xx=\dimen277
\pgf@xy=\dimen278
\pgf@yx=\dimen279
\pgf@yy=\dimen280
\pgf@zx=\dimen281
\pgf@zy=\dimen282
)
(/opt/texlive/texdir/texmf-dist/tex/generic/pgf/basiclayer/pgfcorepathconstruct
.code.tex
File: pgfcorepathconstruct.code.tex 2023-01-15 v3.1.10 (3.1.10)
\pgf@path@lastx=\dimen283
\pgf@path@lasty=\dimen284
)
(/opt/texlive/texdir/texmf-dist/tex/generic/pgf/basiclayer/pgfcorepathusage.cod
e.tex
File: pgfcorepathusage.code.tex 2023-01-15 v3.1.10 (3.1.10)
\pgf@shorten@end@additional=\dimen285
\pgf@shorten@start@additional=\dimen286
)
(/opt/texlive/texdir/texmf-dist/tex/generic/pgf/basiclayer/pgfcorescopes.code.t
ex
File: pgfcorescopes.code.tex 2023-01-15 v3.1.10 (3.1.10)
\pgfpic=\box66
\pgf@hbox=\box67
\pgf@layerbox@main=\box68
\pgf@picture@serial@count=\count344
)
(/opt/texlive/texdir/texmf-dist/tex/generic/pgf/basiclayer/pgfcoregraphicstate.
code.tex
File: pgfcoregraphicstate.code.tex 2023-01-15 v3.1.10 (3.1.10)
\pgflinewidth=\dimen287
)
(/opt/texlive/texdir/texmf-dist/tex/generic/pgf/basiclayer/pgfcoretransformatio
ns.code.tex
File: pgfcoretransformations.code.tex 2023-01-15 v3.1.10 (3.1.10)
\pgf@pt@x=\dimen288
\pgf@pt@y=\dimen289
\pgf@pt@temp=\dimen290
)
(/opt/texlive/texdir/texmf-dist/tex/generic/pgf/basiclayer/pgfcorequick.code.te
x
File: pgfcorequick.code.tex 2023-01-15 v3.1.10 (3.1.10)
)
(/opt/texlive/texdir/texmf-dist/tex/generic/pgf/basiclayer/pgfcoreobjects.code.
tex
File: pgfcoreobjects.code.tex 2023-01-15 v3.1.10 (3.1.10)
)
(/opt/texlive/texdir/texmf-dist/tex/generic/pgf/basiclayer/pgfcorepathprocessin
g.code.tex
File: pgfcorepathprocessing.code.tex 2023-01-15 v3.1.10 (3.1.10)
)
(/opt/texlive/texdir/texmf-dist/tex/generic/pgf/basiclayer/pgfcorearrows.code.t
ex
File: pgfcorearrows.code.tex 2023-01-15 v3.1.10 (3.1.10)
\pgfarrowsep=\dimen291
)
(/opt/texlive/texdir/texmf-dist/tex/generic/pgf/basiclayer/pgfcoreshade.code.te
x
File: pgfcoreshade.code.tex 2023-01-15 v3.1.10 (3.1.10)
\pgf@max=\dimen292
\pgf@sys@shading@range@num=\count345
\pgf@shadingcount=\count346
)
(/opt/texlive/texdir/texmf-dist/tex/generic/pgf/basiclayer/pgfcoreimage.code.te
x
File: pgfcoreimage.code.tex 2023-01-15 v3.1.10 (3.1.10)
)
(/opt/texlive/texdir/texmf-dist/tex/generic/pgf/basiclayer/pgfcoreexternal.code
.tex
File: pgfcoreexternal.code.tex 2023-01-15 v3.1.10 (3.1.10)
\pgfexternal@startupbox=\box69
)
(/opt/texlive/texdir/texmf-dist/tex/generic/pgf/basiclayer/pgfcorelayers.code.t
ex
File: pgfcorelayers.code.tex 2023-01-15 v3.1.10 (3.1.10)
)
(/opt/texlive/texdir/texmf-dist/tex/generic/pgf/basiclayer/pgfcoretransparency.
code.tex
File: pgfcoretransparency.code.tex 2023-01-15 v3.1.10 (3.1.10)
)
(/opt/texlive/texdir/texmf-dist/tex/generic/pgf/basiclayer/pgfcorepatterns.code
.tex
File: pgfcorepatterns.code.tex 2023-01-15 v3.1.10 (3.1.10)
)
(/opt/texlive/texdir/texmf-dist/tex/generic/pgf/basiclayer/pgfcorerdf.code.tex
File: pgfcorerdf.code.tex 2023-01-15 v3.1.10 (3.1.10)
)))
(/opt/texlive/texdir/texmf-dist/tex/generic/pgf/modules/pgfmoduleshapes.code.te
x
File: pgfmoduleshapes.code.tex 2023-01-15 v3.1.10 (3.1.10)
\pgfnodeparttextbox=\box70
)
(/opt/texlive/texdir/texmf-dist/tex/generic/pgf/modules/pgfmoduleplot.code.tex
File: pgfmoduleplot.code.tex 2023-01-15 v3.1.10 (3.1.10)
)
(/opt/texlive/texdir/texmf-dist/tex/latex/pgf/compatibility/pgfcomp-version-0-6
5.sty
Package: pgfcomp-version-0-65 2023-01-15 v3.1.10 (3.1.10)
\pgf@nodesepstart=\dimen293
\pgf@nodesepend=\dimen294
)
(/opt/texlive/texdir/texmf-dist/tex/latex/pgf/compatibility/pgfcomp-version-1-1
8.sty
Package: pgfcomp-version-1-18 2023-01-15 v3.1.10 (3.1.10)
)) (/opt/texlive/texdir/texmf-dist/tex/latex/pgf/utilities/pgffor.sty
(/opt/texlive/texdir/texmf-dist/tex/latex/pgf/utilities/pgfkeys.sty
(/opt/texlive/texdir/texmf-dist/tex/generic/pgf/utilities/pgfkeys.code.tex))
(/opt/texlive/texdir/texmf-dist/tex/latex/pgf/math/pgfmath.sty
(/opt/texlive/texdir/texmf-dist/tex/generic/pgf/math/pgfmath.code.tex))
(/opt/texlive/texdir/texmf-dist/tex/generic/pgf/utilities/pgffor.code.tex
Package: pgffor 2023-01-15 v3.1.10 (3.1.10)
\pgffor@iter=\dimen295
\pgffor@skip=\dimen296
\pgffor@stack=\toks53
\pgffor@toks=\toks54
))
(/opt/texlive/texdir/texmf-dist/tex/generic/pgf/frontendlayer/tikz/tikz.code.te
x
Package: tikz 2023-01-15 v3.1.10 (3.1.10)

(/opt/texlive/texdir/texmf-dist/tex/generic/pgf/libraries/pgflibraryplothandler
s.code.tex
File: pgflibraryplothandlers.code.tex 2023-01-15 v3.1.10 (3.1.10)
\pgf@plot@mark@count=\count347
\pgfplotmarksize=\dimen297
)
\tikz@lastx=\dimen298
\tikz@lasty=\dimen299
\tikz@lastxsaved=\dimen300
\tikz@lastysaved=\dimen301
\tikz@lastmovetox=\dimen302
\tikz@lastmovetoy=\dimen303
\tikzleveldistance=\dimen304
\tikzsiblingdistance=\dimen305
\tikz@figbox=\box71
\tikz@figbox@bg=\box72
\tikz@tempbox=\box73
\tikz@tempbox@bg=\box74
\tikztreelevel=\count348
\tikznumberofchildren=\count349
\tikznumberofcurrentchild=\count350
\tikz@fig@count=\count351

(/opt/texlive/texdir/texmf-dist/tex/generic/pgf/modules/pgfmodulematrix.code.te
x
File: pgfmodulematrix.code.tex 2023-01-15 v3.1.10 (3.1.10)
\pgfmatrixcurrentrow=\count352
\pgfmatrixcurrentcolumn=\count353
\pgf@matrix@numberofcolumns=\count354
)
\tikz@expandcount=\count355

(/opt/texlive/texdir/texmf-dist/tex/generic/pgf/frontendlayer/tikz/libraries/ti
kzlibrarytopaths.code.tex
File: tikzlibrarytopaths.code.tex 2023-01-15 v3.1.10 (3.1.10)
)))
(/opt/texlive/texdir/texmf-dist/tex/latex/tools/verbatim.sty
Package: verbatim 2024-01-22 v1.5x LaTeX2e package for verbatim enhancements
\every@verbatim=\toks55
\verbatim@line=\toks56
\verbatim@in@stream=\read4
)
\tcb@titlebox=\box75
\tcb@upperbox=\box76
\tcb@lowerbox=\box77
\tcb@phantombox=\box78
\c@tcbbreakpart=\count356
\c@tcblayer=\count357
\c@tcolorbox@number=\count358
\l__tcobox_tmpa_box=\box79
\l__tcobox_tmpa_dim=\dimen306
\tcb@temp=\box80
\tcb@temp=\box81
\tcb@temp=\box82
\tcb@temp=\box83

(/opt/texlive/texdir/texmf-dist/tex/latex/tcolorbox/tcbraster.code.tex
Library (tcolorbox): 'tcbraster.code.tex' version '6.5.0'
\c@tcbrastercolumn=\count359
\c@tcbrasterrow=\count360
\c@tcbrasternum=\count361
\c@tcbraster=\count362
) (/opt/texlive/texdir/texmf-dist/tex/latex/tcolorbox/tcbskins.code.tex
Library (tcolorbox): 'tcbskins.code.tex' version '6.5.0'
(/opt/texlive/texdir/texmf-dist/tex/latex/tikzfill/tikzfill.image.sty
Package: tikzfill.image 2023/08/08 v1.0.1 Image filling library for TikZ

(/opt/texlive/texdir/texmf-dist/tex/latex/tikzfill/tikzfill-common.sty
Package: tikzfill-common 2023/08/08 v1.0.1 Auxiliary code for tikzfill
)
(/opt/texlive/texdir/texmf-dist/tex/latex/tikzfill/tikzlibraryfill.image.code.t
ex
File: tikzlibraryfill.image.code.tex 2023/08/08 v1.0.1 Image filling library
\l__tikzfill_img_box=\box84
))
(/opt/texlive/texdir/texmf-dist/tex/latex/tcolorbox/tcbskinsjigsaw.code.tex
Library (tcolorbox): 'tcbskinsjigsaw.code.tex' version '6.5.0'
)) (/opt/texlive/texdir/texmf-dist/tex/latex/tcolorbox/tcbbreakable.code.tex
Library (tcolorbox): 'tcbbreakable.code.tex' version '6.5.0'
(/opt/texlive/texdir/texmf-dist/tex/latex/pdfcol/pdfcol.sty
Package: pdfcol 2022-09-21 v1.7 Handle new color stacks for pdfTeX (HO)
)
Package pdfcol Info: New color stack `tcb@breakable' = 1 on input line 23.
\tcb@testbox=\box85
\tcb@totalupperbox=\box86
\tcb@totallowerbox=\box87
)
(/opt/texlive/texdir/texmf-dist/tex/latex/tcolorbox/tcbhooks.code.tex
Library (tcolorbox): 'tcbhooks.code.tex' version '6.5.0'
) (/opt/texlive/texdir/texmf-dist/tex/latex/tcolorbox/tcbtheorems.code.tex
Library (tcolorbox): 'tcbtheorems.code.tex' version '6.5.0'
) (/opt/texlive/texdir/texmf-dist/tex/latex/tcolorbox/tcbfitting.code.tex
Library (tcolorbox): 'tcbfitting.code.tex' version '6.5.0'
\tcbfitdim=\dimen307
\tcb@lowerfitdim=\dimen308
\tcb@upperfitdim=\dimen309
\tcb@cur@hbadness=\count363
) (/opt/texlive/texdir/texmf-dist/tex/latex/tcolorbox/tcblistingsutf8.code.tex
Library (tcolorbox): 'tcblistingsutf8.code.tex' version '6.5.0'
(/opt/texlive/texdir/texmf-dist/tex/latex/tcolorbox/tcblistings.code.tex
Library (tcolorbox): 'tcblistings.code.tex' version '6.5.0'
(/opt/texlive/texdir/texmf-dist/tex/latex/listings/listings.sty
\lst@mode=\count364
\lst@gtempboxa=\box88
\lst@token=\toks57
\lst@length=\count365
\lst@currlwidth=\dimen310
\lst@column=\count366
\lst@pos=\count367
\lst@lostspace=\dimen311
\lst@width=\dimen312
\lst@newlines=\count368
\lst@lineno=\count369
\lst@maxwidth=\dimen313

(/opt/texlive/texdir/texmf-dist/tex/latex/listings/lstpatch.sty
File: lstpatch.sty 2024/09/23 1.10c (Carsten Heinz)
)
(/opt/texlive/texdir/texmf-dist/tex/latex/listings/lstmisc.sty
File: lstmisc.sty 2024/09/23 1.10c (Carsten Heinz)
\c@lstnumber=\count370
\lst@skipnumbers=\count371
\lst@framebox=\box89
)
(/opt/texlive/texdir/texmf-dist/tex/latex/listings/listings.cfg
File: listings.cfg 2024/09/23 1.10c listings configuration
))
Package: listings 2024/09/23 1.10c (Carsten Heinz)

(/opt/texlive/texdir/texmf-dist/tex/latex/tcolorbox/tcblistingscore.code.tex
Library (tcolorbox): 'tcblistingscore.code.tex' version '6.5.0'
(/opt/texlive/texdir/texmf-dist/tex/latex/tcolorbox/tcbprocessing.code.tex
Library (tcolorbox): 'tcbprocessing.code.tex' version '6.5.0'
)
\c@tcblisting=\count372
)) (/opt/texlive/texdir/texmf-dist/tex/latex/listingsutf8/listingsutf8.sty
Package: listingsutf8 2019-12-10 v1.5 Allow UTF-8 in listings input (HO)
))
(/opt/texlive/texdir/texmf-dist/tex/latex/tcolorbox/tcbexternal.code.tex
Library (tcolorbox): 'tcbexternal.code.tex' version '6.5.0'
) (/opt/texlive/texdir/texmf-dist/tex/latex/tcolorbox/tcbmagazine.code.tex
Library (tcolorbox): 'tcbmagazine.code.tex' version '6.5.0'
) (/opt/texlive/texdir/texmf-dist/tex/latex/tcolorbox/tcbvignette.code.tex
Library (tcolorbox): 'tcbvignette.code.tex' version '6.5.0'

(/opt/texlive/texdir/texmf-dist/tex/generic/pgf/frontendlayer/tikz/libraries/ti
kzlibraryfadings.code.tex
File: tikzlibraryfadings.code.tex 2023-01-15 v3.1.10 (3.1.10)

(/opt/texlive/texdir/texmf-dist/tex/generic/pgf/libraries/pgflibraryfadings.cod
e.tex
File: pgflibraryfadings.code.tex 2023-01-15 v3.1.10 (3.1.10)
))) (/opt/texlive/texdir/texmf-dist/tex/latex/tcolorbox/tcbposter.code.tex
Library (tcolorbox): 'tcbposter.code.tex' version '6.5.0'
))
Package hyperref Info: Option `colorlinks' set `true' on input line 25.
Package hyperref Info: Option `pdfdisplaydoctitle' set `true' on input line 25.

\c@theorem=\count373
 (/opt/texlive/texdir/texmf-dist/tex/latex/preprint/balance.sty
Package: balance 1999/02/23 4.3 (PWD)
\oldvsize=\dimen314
)
Include comment 'screenonly' Excluding comment 'printonly'
Include comment 'anonsuppress'
(/opt/texlive/texdir/texmf-dist/tex/latex/l3backend/l3backend-pdftex.def
File: l3backend-pdftex.def 2025-04-14 L3 backend support: PDF output (pdfTeX)
\l__color_backend_stack_int=\count374
)

LaTeX Warning: Unused global option(s):
    [natbib=true].

(./compass2025.aux)
\openout1 = `compass2025.aux'.

LaTeX Font Info:    Checking defaults for OML/nxlmi/m/it on input line 25.
LaTeX Font Info:    Trying to load font information for OML+nxlmi on input line
 25.
 (/opt/texlive/texdir/texmf-dist/tex/latex/newtx/omlnxlmi.fd
File: omlnxlmi.fd 2013/11/19 Fontinst v1.933 font definitions for OML/nxlmi.
)
LaTeX Font Info:    ... okay on input line 25.
LaTeX Font Info:    Checking defaults for OMS/cmsy/m/n on input line 25.
LaTeX Font Info:    ... okay on input line 25.
LaTeX Font Info:    Checking defaults for OT1/cmr/m/n on input line 25.
LaTeX Font Info:    ... okay on input line 25.
LaTeX Font Info:    Checking defaults for T1/cmr/m/n on input line 25.
LaTeX Font Info:    ... okay on input line 25.
LaTeX Font Info:    Checking defaults for TS1/cmr/m/n on input line 25.
LaTeX Font Info:    ... okay on input line 25.
LaTeX Font Info:    Checking defaults for OMX/cmex/m/n on input line 25.
LaTeX Font Info:    ... okay on input line 25.
LaTeX Font Info:    Checking defaults for U/ntxexa/m/n on input line 25.
LaTeX Font Info:    Trying to load font information for U+ntxexa on input line 
25.
 (/opt/texlive/texdir/texmf-dist/tex/latex/newtx/untxexa.fd
File: untxexa.fd 2012/04/16 Fontinst v1.933 font definitions for U/ntxexa.
)
LaTeX Font Info:    ... okay on input line 25.
LaTeX Font Info:    Checking defaults for PD1/pdf/m/n on input line 25.
LaTeX Font Info:    ... okay on input line 25.
LaTeX Font Info:    Checking defaults for PU/pdf/m/n on input line 25.
LaTeX Font Info:    ... okay on input line 25.
LaTeX Font Info:    Checking defaults for LMS/ntxsy/m/n on input line 25.
LaTeX Font Info:    Trying to load font information for LMS+ntxsy on input line
 25.

(/opt/texlive/texdir/texmf-dist/tex/latex/newtx/lmsntxsy.fd
File: lmsntxsy.fd 2016/07/02 Fontinst v1.933 font definitions for LMS/ntxsy.
)
LaTeX Font Info:    ... okay on input line 25.
LaTeX Font Info:    Checking defaults for LMX/ntxexx/m/n on input line 25.
LaTeX Font Info:    Trying to load font information for LMX+ntxexx on input lin
e 25.

(/opt/texlive/texdir/texmf-dist/tex/latex/newtx/lmxntxexx.fd
File: lmxntxexx.fd 2016/07/03 Fontinst v1.933 font definitions for LMX/ntxexx.
)
LaTeX Font Info:    ... okay on input line 25.
LaTeX Font Info:    Font shape `T1/LinuxLibertineT-TLF/m/n' will be
(Font)              scaled to size 7.0pt on input line 25.
LaTeX Font Info:    Trying to load font information for OT1+LinuxLibertineT-TLF
 on input line 25.

(/opt/texlive/texdir/texmf-dist/tex/latex/libertine/OT1LinuxLibertineT-TLF.fd
File: OT1LinuxLibertineT-TLF.fd 2017/03/20 (autoinst) Font definitions for OT1/
LinuxLibertineT-TLF.
)
LaTeX Font Info:    Font shape `OT1/LinuxLibertineT-TLF/m/n' will be
(Font)              scaled to size 7.3pt on input line 25.
<<ot1.cmap>>
LaTeX Font Info:    Font shape `OT1/LinuxLibertineT-TLF/m/n' will be
(Font)              scaled to size 5.5pt on input line 25.
LaTeX Font Info:    Font shape `OML/nxlmi/m/it' will be
(Font)              scaled to size 7.3pt on input line 25.
<<oml.cmap>>
LaTeX Font Info:    Font shape `OML/nxlmi/m/it' will be
(Font)              scaled to size 5.5pt on input line 25.
LaTeX Font Info:    Font shape `LMS/ntxsy/m/n' will be
(Font)              scaled to size 7.3pt on input line 25.
LaTeX Font Info:    Font shape `LMS/ntxsy/m/n' will be
(Font)              scaled to size 5.5pt on input line 25.
LaTeX Font Info:    Font shape `LMX/ntxexx/m/n' will be
(Font)              scaled to size 7.3pt on input line 25.
LaTeX Font Info:    Font shape `LMX/ntxexx/m/n' will be
(Font)              scaled to size 5.5pt on input line 25.
LaTeX Font Info:    Trying to load font information for U+msa on input line 25.


(/opt/texlive/texdir/texmf-dist/tex/latex/amsfonts/umsa.fd
File: umsa.fd 2013/01/14 v3.01 AMS symbols A
)
LaTeX Font Info:    Trying to load font information for U+msb on input line 25.


(/opt/texlive/texdir/texmf-dist/tex/latex/amsfonts/umsb.fd
File: umsb.fd 2013/01/14 v3.01 AMS symbols B
)
LaTeX Font Info:    Trying to load font information for U+ntxmia on input line 
25.

(/opt/texlive/texdir/texmf-dist/tex/latex/newtx/untxmia.fd
File: untxmia.fd 2024/04/09 Fontinst v1.933 font definitions for U/ntxmia.
)
LaTeX Font Info:    Font shape `U/ntxmia/m/it' will be
(Font)              scaled to size 7.3pt on input line 25.
LaTeX Font Info:    Font shape `U/ntxmia/m/it' will be
(Font)              scaled to size 5.5pt on input line 25.
LaTeX Font Info:    Trying to load font information for U+ntxsym on input line 
25.

(/opt/texlive/texdir/texmf-dist/tex/latex/newtx/untxsym.fd
File: untxsym.fd 2023/08/16 Fontinst v1.933 font definitions for U/ntxsym.
)
LaTeX Font Info:    Font shape `U/ntxsym/m/n' will be
(Font)              scaled to size 7.3pt on input line 25.
LaTeX Font Info:    Font shape `U/ntxsym/m/n' will be
(Font)              scaled to size 5.5pt on input line 25.
LaTeX Font Info:    Trying to load font information for U+ntxsyc on input line 
25.

(/opt/texlive/texdir/texmf-dist/tex/latex/newtx/untxsyc.fd
File: untxsyc.fd 2012/04/12 Fontinst v1.933 font definitions for U/ntxsyc.
)
LaTeX Font Info:    Font shape `U/ntxsyc/m/n' will be
(Font)              scaled to size 7.3pt on input line 25.
LaTeX Font Info:    Font shape `U/ntxsyc/m/n' will be
(Font)              scaled to size 5.5pt on input line 25.
LaTeX Font Info:    Font shape `U/ntxexa/m/n' will be
(Font)              scaled to size 7.3pt on input line 25.
LaTeX Font Info:    Font shape `U/ntxexa/m/n' will be
(Font)              scaled to size 5.5pt on input line 25.
LaTeX Info: Command `\dddot' is already robust on input line 25.
LaTeX Info: Command `\ddddot' is already robust on input line 25.
LaTeX Info: Redefining \microtypecontext on input line 25.
Package microtype Info: Applying patch `item' on input line 25.
Package microtype Info: Applying patch `toc' on input line 25.
Package microtype Info: Applying patch `eqnum' on input line 25.
Package microtype Info: Applying patch `footnote' on input line 25.
Package microtype Info: Applying patch `verbatim' on input line 25.
LaTeX Info: Redefining \microtypesetup on input line 25.
Package microtype Info: Generating PDF output.
Package microtype Info: Character protrusion enabled (level 2).
Package microtype Info: Using default protrusion set `alltext'.
Package microtype Info: Automatic font expansion enabled (level 2),
(microtype)             stretch: 20, shrink: 20, step: 1, non-selected.
Package microtype Info: Using default expansion set `alltext-nott'.
LaTeX Info: Redefining \showhyphens on input line 25.
Package microtype Info: No adjustment of tracking.
Package microtype Info: No adjustment of interword spacing.
Package microtype Info: No adjustment of character kerning.
Package microtype Info: Loading generic protrusion settings for font family
(microtype)             `LinuxLibertineT-TLF' (encoding: T1).
(microtype)             For optimal results, create family-specific settings.
(microtype)             See the microtype manual for details.
Package hyperref Info: Link coloring ON on input line 25.
 (./compass2025.out) (./compass2025.out)
\@outlinefile=\write5
\openout5 = `compass2025.out'.


(/opt/texlive/texdir/texmf-dist/tex/context/base/mkii/supp-pdf.mkii
[Loading MPS to PDF converter (version 2006.09.02).]
\scratchcounter=\count375
\scratchdimen=\dimen315
\scratchbox=\box90
\nofMPsegments=\count376
\nofMParguments=\count377
\everyMPshowfont=\toks58
\MPscratchCnt=\count378
\MPscratchDim=\dimen316
\MPnumerator=\count379
\makeMPintoPDFobject=\count380
\everyMPtoPDFconversion=\toks59
) (/opt/texlive/texdir/texmf-dist/tex/latex/epstopdf-pkg/epstopdf-base.sty
Package: epstopdf-base 2020-01-24 v2.11 Base part for package epstopdf
Package epstopdf-base Info: Redefining graphics rule for `.eps' on input line 4
85.

(/opt/texlive/texdir/texmf-dist/tex/latex/latexconfig/epstopdf-sys.cfg
File: epstopdf-sys.cfg 2010/07/13 v1.3 Configuration of (r)epstopdf for TeX Liv
e
))
*geometry* driver: auto-detecting
*geometry* detected driver: pdftex
*geometry* verbose mode - [ preamble ] result:
* driver: pdftex
* paper: custom
* layout: <same size as paper>
* layoutoffset:(h,v)=(0.0pt,0.0pt)
* modes: includehead includefoot twoside heightrounded 
* h-part:(L,W,R)=(54.0pt, 506.295pt, 54.0pt)
* v-part:(T,H,B)=(57.0pt, 664.96999pt, 73.0pt)
* \paperwidth=614.295pt
* \paperheight=794.96999pt
* \textwidth=506.295pt
* \textheight=626.0pt
* \oddsidemargin=-18.26999pt
* \evensidemargin=-18.26999pt
* \topmargin=-15.26999pt
* \headheight=13.0pt
* \headsep=14.0pt
* \topskip=10.0pt
* \footskip=12.0pt
* \marginparwidth=24.0pt
* \marginparsep=11.0pt
* \columnsep=24.0pt
* \skip\footins=7.0pt plus 11.0pt
* \hoffset=0.0pt
* \voffset=0.0pt
* \mag=1000
* \@twocolumnfalse
* \@twosidetrue
* \@mparswitchtrue
* \@reversemarginfalse
* (1in=72.27pt=25.4mm, 1cm=28.453pt)

\c@mv@tabular=\count381
\c@mv@boldtabular=\count382
(/opt/texlive/texdir/texmf-dist/tex/latex/upquote/upquote.sty
Package: upquote 2012/04/19 v1.3 upright-quote and grave-accent glyphs in verba
tim
)
Package caption Info: Begin \AtBeginDocument code.
Package caption Info: float package is loaded.
Package caption Info: listings package is loaded.
Package caption Info: End \AtBeginDocument code.
\c@lstlisting=\count383

(/opt/texlive/texdir/texmf-dist/tex/latex/base/inputenc.sty
Package: inputenc 2024/02/08 v1.3d Input encoding file
\inpenc@prehook=\toks60
\inpenc@posthook=\toks61
)
(./metadata/authors.tex) (./metadata/commands.tex) (./sections/0-abstract.tex)
(./metadata/ccs-keywords-teaser-revise.tex Excluding 'CCSXML' comment.)
LaTeX Font Info:    Font shape `T1/LinuxLibertineT-TLF/m/n' will be
(Font)              scaled to size 17.28pt on input line 34.
LaTeX Font Info:    Trying to load font information for T1+LinuxBiolinumT-TLF o
n input line 34.

(/opt/texlive/texdir/texmf-dist/tex/latex/libertine/T1LinuxBiolinumT-TLF.fd
File: T1LinuxBiolinumT-TLF.fd 2017/03/20 (autoinst) Font definitions for T1/Lin
uxBiolinumT-TLF.
)
LaTeX Font Info:    Font shape `T1/LinuxBiolinumT-TLF/m/n' will be
(Font)              scaled to size 17.28pt on input line 34.
Package microtype Info: Loading generic protrusion settings for font family
(microtype)             `LinuxBiolinumT-TLF' (encoding: T1).
(microtype)             For optimal results, create family-specific settings.
(microtype)             See the microtype manual for details.
LaTeX Font Info:    Font shape `T1/LinuxBiolinumT-TLF/b/n' will be
(Font)              scaled to size 17.28pt on input line 34.
LaTeX Font Info:    Font shape `T1/LinuxLibertineT-TLF/m/n' will be
(Font)              scaled to size 12.0pt on input line 34.
LaTeX Font Info:    Font shape `T1/LinuxLibertineT-TLF/m/n' will be
(Font)              scaled to size 10.0pt on input line 34.
LaTeX Font Info:    Font shape `OT1/LinuxLibertineT-TLF/m/n' will be
(Font)              scaled to size 10.0pt on input line 34.
Package microtype Info: Loading generic protrusion settings for font family
(microtype)             `LinuxLibertineT-TLF' (encoding: OT1).
(microtype)             For optimal results, create family-specific settings.
(microtype)             See the microtype manual for details.
LaTeX Font Info:    Font shape `OML/nxlmi/m/it' will be
(Font)              scaled to size 10.0pt on input line 34.
LaTeX Font Info:    Font shape `LMS/ntxsy/m/n' will be
(Font)              scaled to size 10.0pt on input line 34.
LaTeX Font Info:    Font shape `LMX/ntxexx/m/n' will be
(Font)              scaled to size 10.0pt on input line 34.

(/opt/texlive/texdir/texmf-dist/tex/latex/microtype/mt-msa.cfg
File: mt-msa.cfg 2006/02/04 v1.1 microtype config. file: AMS symbols (a) (RS)
)
(/opt/texlive/texdir/texmf-dist/tex/latex/microtype/mt-msb.cfg
File: mt-msb.cfg 2005/06/01 v1.0 microtype config. file: AMS symbols (b) (RS)
)
LaTeX Font Info:    Font shape `U/ntxmia/m/it' will be
(Font)              scaled to size 10.0pt on input line 34.
LaTeX Font Info:    Font shape `U/ntxsym/m/n' will be
(Font)              scaled to size 10.0pt on input line 34.
LaTeX Font Info:    Font shape `U/ntxsyc/m/n' will be
(Font)              scaled to size 10.0pt on input line 34.
LaTeX Font Info:    Font shape `U/ntxexa/m/n' will be
(Font)              scaled to size 10.0pt on input line 34.
<doclicense-CC-by-88x31.pdf, id=129, 90.3375pt x 31.61812pt>
File: doclicense-CC-by-88x31.pdf Graphic file (type pdf)
<use doclicense-CC-by-88x31.pdf>
Package pdftex.def Info: doclicense-CC-by-88x31.pdf  used on input line 34.
(pdftex.def)             Requested size: 42.89972pt x 15.01495pt.
LaTeX Font Info:    Font shape `T1/LinuxLibertineT-TLF/m/it' will be
(Font)              scaled to size 7.0pt on input line 34.
LaTeX Font Info:    Trying to load font information for TS1+LinuxLibertineT-TLF
 on input line 34.

(/opt/texlive/texdir/texmf-dist/tex/latex/libertine/TS1LinuxLibertineT-TLF.fd
File: TS1LinuxLibertineT-TLF.fd 2017/03/20 (autoinst) Font definitions for TS1/
LinuxLibertineT-TLF.
)
LaTeX Font Info:    Font shape `TS1/LinuxLibertineT-TLF/m/n' will be
(Font)              scaled to size 7.0pt on input line 34.
Package microtype Info: Loading generic protrusion settings for font family
(microtype)             `LinuxLibertineT-TLF' (encoding: TS1).
(microtype)             For optimal results, create family-specific settings.
(microtype)             See the microtype manual for details.
LaTeX Font Info:    Font shape `T1/LinuxLibertineT-TLF/b/n' will be
(Font)              scaled to size 9.0pt on input line 34.
LaTeX Font Info:    Font shape `T1/LinuxLibertineT-TLF/b/n' will be
(Font)              scaled to size 10.95pt on input line 34.
LaTeX Font Info:    Font shape `TS1/LinuxLibertineT-TLF/m/n' will be
(Font)              scaled to size 9.0pt on input line 34.
LaTeX Font Info:    Font shape `OT1/LinuxLibertineT-TLF/m/n' will be
(Font)              scaled to size 9.0pt on input line 34.
LaTeX Font Info:    Font shape `OT1/LinuxLibertineT-TLF/m/n' will be
(Font)              scaled to size 6.6pt on input line 34.
LaTeX Font Info:    Font shape `OML/nxlmi/m/it' will be
(Font)              scaled to size 9.0pt on input line 34.
LaTeX Font Info:    Font shape `OML/nxlmi/m/it' will be
(Font)              scaled to size 6.6pt on input line 34.
LaTeX Font Info:    Font shape `LMS/ntxsy/m/n' will be
(Font)              scaled to size 9.0pt on input line 34.
LaTeX Font Info:    Font shape `LMS/ntxsy/m/n' will be
(Font)              scaled to size 6.6pt on input line 34.
LaTeX Font Info:    Font shape `LMX/ntxexx/m/n' will be
(Font)              scaled to size 9.0pt on input line 34.
LaTeX Font Info:    Font shape `LMX/ntxexx/m/n' will be
(Font)              scaled to size 6.6pt on input line 34.
LaTeX Font Info:    Font shape `U/ntxmia/m/it' will be
(Font)              scaled to size 9.0pt on input line 34.
LaTeX Font Info:    Font shape `U/ntxmia/m/it' will be
(Font)              scaled to size 6.6pt on input line 34.
LaTeX Font Info:    Font shape `U/ntxsym/m/n' will be
(Font)              scaled to size 9.0pt on input line 34.
LaTeX Font Info:    Font shape `U/ntxsym/m/n' will be
(Font)              scaled to size 6.6pt on input line 34.
LaTeX Font Info:    Font shape `U/ntxsyc/m/n' will be
(Font)              scaled to size 9.0pt on input line 34.
LaTeX Font Info:    Font shape `U/ntxsyc/m/n' will be
(Font)              scaled to size 6.6pt on input line 34.
LaTeX Font Info:    Font shape `U/ntxexa/m/n' will be
(Font)              scaled to size 9.0pt on input line 34.
LaTeX Font Info:    Font shape `U/ntxexa/m/n' will be
(Font)              scaled to size 6.6pt on input line 34.
LaTeX Font Info:    Font shape `T1/LinuxLibertineT-TLF/m/it' will be
(Font)              scaled to size 9.0pt on input line 34.
LaTeX Font Info:    Font shape `T1/LinuxLibertineT-TLF/m/n' will be
(Font)              scaled to size 8.0pt on input line 34.

Underfull \vbox (badness 2261) has occurred while \output is active []



LaTeX Font Info:    Font shape `T1/LinuxLibertineT-TLF/b/n' will be
(Font)              scaled to size 8.0pt on input line 34.
LaTeX Font Info:    Font shape `T1/LinuxLibertineT-TLF/m/it' will be
(Font)              scaled to size 8.0pt on input line 34.
LaTeX Font Info:    Font shape `OT1/LinuxLibertineT-TLF/m/n' will be
(Font)              scaled to size 8.0pt on input line 34.
LaTeX Font Info:    Font shape `OT1/LinuxLibertineT-TLF/m/n' will be
(Font)              scaled to size 6.0pt on input line 34.
LaTeX Font Info:    Font shape `OML/nxlmi/m/it' will be
(Font)              scaled to size 8.0pt on input line 34.
LaTeX Font Info:    Font shape `OML/nxlmi/m/it' will be
(Font)              scaled to size 6.0pt on input line 34.
LaTeX Font Info:    Font shape `LMS/ntxsy/m/n' will be
(Font)              scaled to size 8.0pt on input line 34.
LaTeX Font Info:    Font shape `LMS/ntxsy/m/n' will be
(Font)              scaled to size 6.0pt on input line 34.
LaTeX Font Info:    Font shape `LMX/ntxexx/m/n' will be
(Font)              scaled to size 8.0pt on input line 34.
LaTeX Font Info:    Font shape `LMX/ntxexx/m/n' will be
(Font)              scaled to size 6.0pt on input line 34.
LaTeX Font Info:    Font shape `U/ntxmia/m/it' will be
(Font)              scaled to size 8.0pt on input line 34.
LaTeX Font Info:    Font shape `U/ntxmia/m/it' will be
(Font)              scaled to size 6.0pt on input line 34.
LaTeX Font Info:    Font shape `U/ntxsym/m/n' will be
(Font)              scaled to size 8.0pt on input line 34.
LaTeX Font Info:    Font shape `U/ntxsym/m/n' will be
(Font)              scaled to size 6.0pt on input line 34.
LaTeX Font Info:    Font shape `U/ntxsyc/m/n' will be
(Font)              scaled to size 8.0pt on input line 34.
LaTeX Font Info:    Font shape `U/ntxsyc/m/n' will be
(Font)              scaled to size 6.0pt on input line 34.
LaTeX Font Info:    Font shape `U/ntxexa/m/n' will be
(Font)              scaled to size 8.0pt on input line 34.
LaTeX Font Info:    Font shape `U/ntxexa/m/n' will be
(Font)              scaled to size 6.0pt on input line 34.

Overfull \hbox (8.87605pt too wide) in paragraph at lines 34--34
\T1/LinuxLibertineT-TLF/m/n/8 (-20) Ratchaphon Sam-phut-thanont, Chayanon Sawat
-deenarunat, and Kur-tis Heimerl.
 []

(./sections/1-intro.tex

[1.1{/opt/texlive/texdir/texmf-var/fonts/map/pdftex/updmap/pdftex.map}{/opt/tex
live/texdir/texmf-dist/fonts/enc/dvips/libertine/lbtn_25tcsq.enc}{/opt/texlive/
texdir/texmf-dist/fonts/enc/dvips/libertine/lbtn_76gpa5.enc}

{/opt/texlive/texdir/texmf-dist/fonts/enc/dvips/libertine/lbtn_nh77jq.enc}{/opt
/texlive/texdir/texmf-dist/fonts/enc/dvips/libertine/lbtn_naooyc.enc}{/opt/texl
ive/texdir/texmf-dist/fonts/enc/dvips/libertine/lbtn_7grukw.enc}{/opt/texlive/t
exdir/texmf-dist/fonts/enc/dvips/libertine/lbtn_oexx6f.enc} </opt/texlive/texdi
r/texmf-dist/tex/latex/doclicense/images/doclicense-CC-by-88x31.pdf>])
(./sections/2-relatedwork.tex

) (./sections/3-methods.tex
Underfull \hbox (badness 1490) in paragraph at lines 15--15
\T1/LinuxLibertineT-TLF/b/n/9 (+20) Legacy: station-based) and self-estimated d
aily av-er-age
 []



LaTeX Font Info:    Font shape `T1/LinuxBiolinumT-TLF/m/n' will be
(Font)              scaled to size 9.0pt on input line 42.
LaTeX Font Info:    Font shape `T1/LinuxBiolinumT-TLF/m/n' will be
(Font)              scaled to size 7.0pt on input line 42.
[2.2]) (./sections/4-results.tex (./sections/4-1-overview.tex

) (./sections/4-2-systemic.tex
<figures/daily-pollution-per-rider.pdf, id=200, 848.16875pt x 485.815pt>
File: figures/daily-pollution-per-rider.pdf Graphic file (type pdf)
<use figures/daily-pollution-per-rider.pdf>
Package pdftex.def Info: figures/daily-pollution-per-rider.pdf  used on input l
ine 7.
(pdftex.def)             Requested size: 506.295pt x 289.99384pt.
<figures/average-hourly-pollution.pdf, id=206, 1140.26pt x 381.425pt>
File: figures/average-hourly-pollution.pdf Graphic file (type pdf)
<use figures/average-hourly-pollution.pdf>
Package pdftex.def Info: figures/average-hourly-pollution.pdf  used on input li
ne 29.
(pdftex.def)             Requested size: 506.295pt x 169.35818pt.


[3.3]
<figures/map/BKK1_PM25.png, id=232, 337.5009pt x 306.4248pt>
File: figures/map/BKK1_PM25.png Graphic file (type png)
<use figures/map/BKK1_PM25.png>
Package pdftex.def Info: figures/map/BKK1_PM25.png  used on input line 48.
(pdftex.def)             Requested size: 124.04366pt x 112.61794pt.
<figures/map/BKK1_time.png, id=234, 337.5009pt x 302.0886pt>
File: figures/map/BKK1_time.png Graphic file (type png)
<use figures/map/BKK1_time.png>
Package pdftex.def Info: figures/map/BKK1_time.png  used on input line 49.
(pdftex.def)             Requested size: 124.04366pt x 111.02428pt.
<figures/map/BKK2_PM25.png, id=235, 337.5009pt x 306.4248pt>
File: figures/map/BKK2_PM25.png Graphic file (type png)
<use figures/map/BKK2_PM25.png>
Package pdftex.def Info: figures/map/BKK2_PM25.png  used on input line 50.
(pdftex.def)             Requested size: 124.04366pt x 112.61794pt.
<figures/map/BKK2_time.png, id=236, 337.5009pt x 302.0886pt>
File: figures/map/BKK2_time.png Graphic file (type png)
<use figures/map/BKK2_time.png>
Package pdftex.def Info: figures/map/BKK2_time.png  used on input line 51.
(pdftex.def)             Requested size: 124.04366pt x 111.02428pt.
<figures/map/BKK3_PM25.png, id=237, 337.5009pt x 258.0039pt>
File: figures/map/BKK3_PM25.png Graphic file (type png)
<use figures/map/BKK3_PM25.png>
Package pdftex.def Info: figures/map/BKK3_PM25.png  used on input line 52.
(pdftex.def)             Requested size: 124.04366pt x 94.82217pt.
<figures/map/BKK3_time.png, id=238, 337.5009pt x 251.4996pt>
File: figures/map/BKK3_time.png Graphic file (type png)
<use figures/map/BKK3_time.png>
Package pdftex.def Info: figures/map/BKK3_time.png  used on input line 53.
(pdftex.def)             Requested size: 124.04366pt x 92.4317pt.
<figures/map/BKK4_PM25.png, id=239, 337.5009pt x 306.4248pt>
File: figures/map/BKK4_PM25.png Graphic file (type png)
<use figures/map/BKK4_PM25.png>
Package pdftex.def Info: figures/map/BKK4_PM25.png  used on input line 54.
(pdftex.def)             Requested size: 124.04366pt x 112.61794pt.
<figures/map/BKK4_time.png, id=240, 337.5009pt x 302.0886pt>
File: figures/map/BKK4_time.png Graphic file (type png)
<use figures/map/BKK4_time.png>
Package pdftex.def Info: figures/map/BKK4_time.png  used on input line 55.
(pdftex.def)             Requested size: 124.04366pt x 111.02428pt.
<figures/map/BKK5_PM25.png, id=241, 337.5009pt x 272.4579pt>
File: figures/map/BKK5_PM25.png Graphic file (type png)
<use figures/map/BKK5_PM25.png>
Package pdftex.def Info: figures/map/BKK5_PM25.png  used on input line 56.
(pdftex.def)             Requested size: 124.04366pt x 100.13434pt.
<figures/map/BKK5_time.png, id=242, 337.5009pt x 268.1217pt>
File: figures/map/BKK5_time.png Graphic file (type png)
<use figures/map/BKK5_time.png>
Package pdftex.def Info: figures/map/BKK5_time.png  used on input line 57.
(pdftex.def)             Requested size: 124.04366pt x 98.5407pt.
<figures/map/CMI1_PM25.png, id=243, 337.5009pt x 247.8861pt>
File: figures/map/CMI1_PM25.png Graphic file (type png)
<use figures/map/CMI1_PM25.png>
Package pdftex.def Info: figures/map/CMI1_PM25.png  used on input line 63.
(pdftex.def)             Requested size: 124.04366pt x 91.10365pt.
<figures/map/CMI1_time.png, id=244, 346.896pt x 247.8861pt>
File: figures/map/CMI1_time.png Graphic file (type png)
<use figures/map/CMI1_time.png>
Package pdftex.def Info: figures/map/CMI1_time.png  used on input line 64.
(pdftex.def)             Requested size: 124.04366pt x 88.63751pt.
<figures/map/CMI2_PM25.png, id=245, 337.5009pt x 300.6432pt>
File: figures/map/CMI2_PM25.png Graphic file (type png)
<use figures/map/CMI2_PM25.png>
Package pdftex.def Info: figures/map/CMI2_PM25.png  used on input line 65.
(pdftex.def)             Requested size: 124.04366pt x 110.49307pt.
<figures/map/CMI2_time.png, id=246, 346.896pt x 304.9794pt>
File: figures/map/CMI2_time.png Graphic file (type png)
<use figures/map/CMI2_time.png>
Package pdftex.def Info: figures/map/CMI2_time.png  used on input line 66.
(pdftex.def)             Requested size: 124.04366pt x 109.05257pt.
<figures/map/CMI3_PM25.png, id=247, 337.5009pt x 255.8358pt>
File: figures/map/CMI3_PM25.png Graphic file (type png)
<use figures/map/CMI3_PM25.png>
Package pdftex.def Info: figures/map/CMI3_PM25.png  used on input line 67.
(pdftex.def)             Requested size: 124.04366pt x 94.02536pt.
<figures/map/CMI3_time.png, id=248, 346.896pt x 255.8358pt>
File: figures/map/CMI3_time.png Graphic file (type png)
<use figures/map/CMI3_time.png>
Package pdftex.def Info: figures/map/CMI3_time.png  used on input line 68.
(pdftex.def)             Requested size: 124.04366pt x 91.48012pt.
<figures/map/CMI4_PM25.png, id=249, 337.5009pt x 269.5671pt>
File: figures/map/CMI4_PM25.png Graphic file (type png)
<use figures/map/CMI4_PM25.png>
Package pdftex.def Info: figures/map/CMI4_PM25.png  used on input line 69.
(pdftex.def)             Requested size: 124.04366pt x 99.07191pt.
<figures/map/CMI4_time.png, id=250, 346.896pt x 272.4579pt>
File: figures/map/CMI4_time.png Graphic file (type png)
<use figures/map/CMI4_time.png>
Package pdftex.def Info: figures/map/CMI4_time.png  used on input line 70.
(pdftex.def)             Requested size: 124.04366pt x 97.42374pt.
<figures/map/CMI5_PM25.png, id=251, 337.5009pt x 284.7438pt>
File: figures/map/CMI5_PM25.png Graphic file (type png)
<use figures/map/CMI5_PM25.png>
Package pdftex.def Info: figures/map/CMI5_PM25.png  used on input line 71.
(pdftex.def)             Requested size: 124.04366pt x 104.64969pt.
<figures/map/CMI5_time.png, id=252, 346.896pt x 288.3573pt>
File: figures/map/CMI5_time.png Graphic file (type png)
<use figures/map/CMI5_time.png>
Package pdftex.def Info: figures/map/CMI5_time.png  used on input line 72.
(pdftex.def)             Requested size: 124.04366pt x 103.10895pt.

Underfull \vbox (badness 10000) has occurred while \output is active []



) (./sections/4-3-new-response.tex
Underfull \vbox (badness 1253) has occurred while \output is active []



[4.4 <./figures/daily-pollution-per-rider.pdf> <./figures/average-hourly-pollut
ion.pdf

pdfTeX warning: pdflatex (file ./figures/average-hourly-pollution.pdf): PDF inc
lusion: multiple pdfs with page group included in a single page
>] [5.5 <./figures/map/BKK1_PM25.png> <./figures/map/BKK1_time.png> <./figures/
map/BKK2_PM25.png> <./figures/map/BKK2_time.png> <./figures/map/BKK3_PM25.png> 
<./figures/map/BKK3_time.png> <./figures/map/BKK4_PM25.png> <./figures/map/BKK4
_time.png> <./figures/map/BKK5_PM25.png> <./figures/map/BKK5_time.png> <./figur
es/map/CMI1_PM25.png> <./figures/map/CMI1_time.png> <./figures/map/CMI2_PM25.pn
g> <./figures/map/CMI2_time.png> <./figures/map/CMI3_PM25.png> <./figures/map/C
MI3_time.png> <./figures/map/CMI4_PM25.png> <./figures/map/CMI4_time.png> <./fi
gures/map/CMI5_PM25.png> <./figures/map/CMI5_time.png>]
LaTeX Font Info:    Font shape `T1/LinuxBiolinumT-TLF/m/it' will be
(Font)              scaled to size 9.0pt on input line 7.


<figures/work-hours-vs-aqi-per-rider-regression.pdf, id=442, 1133.23375pt x 528
.97626pt>
File: figures/work-hours-vs-aqi-per-rider-regression.pdf Graphic file (type pdf
)
<use figures/work-hours-vs-aqi-per-rider-regression.pdf>
Package pdftex.def Info: figures/work-hours-vs-aqi-per-rider-regression.pdf  us
ed on input line 83.
(pdftex.def)             Requested size: 506.295pt x 236.32594pt.
)) (./sections/5-discussion.tex
LaTeX Font Info:    Font shape `T1/LinuxLibertineT-TLF/b/it' will be
(Font)              scaled to size 9.0pt on input line 11.


[6.6]

) (./sections/6-conclusion.tex

[7.7{/opt/texlive/texdir/texmf-dist/fonts/enc/dvips/libertine/lbtn_ki75ao.enc} 
<./figures/work-hours-vs-aqi-per-rider-regression.pdf>])
(./sections/7-acknowledgement.tex Processing 'acks' comment.
\openout3 = `comment.cut'.


Comment 'acks' writing to comment.cut. Straight input of comment.cut.
(./comment.cut)) (./compass2025.bbl
LaTeX Info: Redefining \tempurl on input line 54.
LaTeX Info: Redefining \tempurl on input line 67.
LaTeX Info: Redefining \tempurl on input line 100.


LaTeX Info: Redefining \tempurl on input line 214.

Underfull \hbox (badness 3872) in paragraph at lines 209--217
[]\T1/LinuxLibertineT-TLF/m/n/7 (+20) Jacob Poushter. 2015.  Car, bike or mo-to
r-cy-cle? De-pends on where
 []

LaTeX Info: Redefining \tempurl on input line 274.
LaTeX Info: Redefining \tempurl on input line 290.

Underfull \hbox (badness 5893) in paragraph at lines 297--303
[]\T1/LinuxLibertineT-TLF/m/n/7 (+20) World Health Or-ga-ni-za-tion. 2024.  Am-
bi-ent (out-door) air pol-lu-tion.
 []


Underfull \hbox (badness 10000) in paragraph at lines 297--303
[][]$\T1/LinuxLibertineT-TLF/m/n/7 (+20) https : / / www . who . int / news -[]
 room / fact -[] sheets / detail / ambient -[] (outdoor) -[]
 []

LaTeX Info: Redefining \tempurl on input line 312.
)


Package balance Warning: You have called \balance in second column
(balance)                Columns might not be balanced.

(/opt/texlive/texdir/texmf-dist/tex/generic/stringenc/se-pdfdoc.def
File: se-pdfdoc.def 2019/11/29 v1.12 stringenc: PDFDocEncoding
)
(/opt/texlive/texdir/texmf-dist/tex/generic/stringenc/se-utf8.def
File: se-utf8.def 2019/11/29 v1.12 stringenc: UTF-8
) [8.8]
(./compass2025.aux)
 ***********
LaTeX2e <2024-11-01> patch level 2
L3 programming layer <2025-04-29>
 ***********
Package rerunfilecheck Info: File `compass2025.out' has not changed.
(rerunfilecheck)             Checksum: C77967F1245549076E2E79A938F5FB67;3240.
 ) 
Here is how much of TeX's memory you used:
 38603 strings out of 469590
 750066 string characters out of 5472431
 1230522 words of memory out of 5000000
 64030 multiletter control sequences out of 15000+600000
 800974 words of font info for 432 fonts, out of 8000000 for 9000
 1302 hyphenation exceptions out of 8191
 98i,12n,131p,1008b,976s stack positions out of 10000i,1000n,20000p,200000b,200000s
</opt/texlive/texdir/texmf-dist/fonts/type1/public/newtx/LibertineMathMI.pfb>
</opt/texlive/texdir/texmf-dist/fonts/type1/public/newtx/LibertineMathMI5.pfb><
/opt/texlive/texdir/texmf-dist/fonts/type1/public/libertine/LinBiolinumT.pfb></
opt/texlive/texdir/texmf-dist/fonts/type1/public/libertine/LinBiolinumTB.pfb></
opt/texlive/texdir/texmf-dist/fonts/type1/public/libertine/LinBiolinumTI.pfb></
opt/texlive/texdir/texmf-dist/fonts/type1/public/libertine/LinLibertineT.pfb></
opt/texlive/texdir/texmf-dist/fonts/type1/public/libertine/LinLibertineTB.pfb><
/opt/texlive/texdir/texmf-dist/fonts/type1/public/libertine/LinLibertineTBI.pfb
></opt/texlive/texdir/texmf-dist/fonts/type1/public/libertine/LinLibertineTI.pf
b></opt/texlive/texdir/texmf-dist/fonts/type1/public/newtx/txsys.pfb>
Output written on compass2025.pdf (8 pages, 2592954 bytes).
PDF statistics:
 3891 PDF objects out of 4296 (max. 8388607)
 2052 compressed objects within 21 object streams
 79 named destinations out of 1000 (max. 500000)
 94645 words of extra memory for PDF output out of 106986 (max. 10000000)

